<?xml version="1.0" encoding="UTF-8"?>
<testng-results ignored="0" total="10" passed="10" failed="0" skipped="0">
  <reporter-output>
  </reporter-output>
  <suite started-at="2025-09-20T16:47:51 IST" name="OrangeHRM Suite" finished-at="2025-09-20T16:50:09 IST" duration-ms="137953">
    <groups>
      <group name="negative">
        <method signature="TC002_InvalidUsername.InvalidUsername()[pri:0, instance:com.orangehrm.tests.TC002_InvalidUsername@7966baa7]" name="InvalidUsername" class="com.orangehrm.tests.TC002_InvalidUsername"/>
        <method signature="TC003_InvalidPassword.InvalidPassword()[pri:0, instance:com.orangehrm.tests.TC003_InvalidPassword@60975100]" name="InvalidPassword" class="com.orangehrm.tests.TC003_InvalidPassword"/>
        <method signature="TC004_BlankUsername.BlankUsername()[pri:0, instance:com.orangehrm.tests.TC004_BlankUsername@1253e7cb]" name="BlankUsername" class="com.orangehrm.tests.TC004_BlankUsername"/>
        <method signature="TC005_BlankPassword.BlankPassword()[pri:0, instance:com.orangehrm.tests.TC005_BlankPassword@2d36e77e]" name="BlankPassword" class="com.orangehrm.tests.TC005_BlankPassword"/>
        <method signature="TC006_BothFieldsBlank.BothFieldsBlank()[pri:0, instance:com.orangehrm.tests.TC006_BothFieldsBlank@61c9c3fd]" name="BothFieldsBlank" class="com.orangehrm.tests.TC006_BothFieldsBlank"/>
      </group> <!-- negative -->
      <group name="ui">
        <method signature="TC011_DashboardLoad.DashboardLoad()[pri:0, instance:com.orangehrm.tests.TC011_DashboardLoad@366c4480]" name="DashboardLoad" class="com.orangehrm.tests.TC011_DashboardLoad"/>
        <method signature="TC015_ProfileDropdownCheck.ProfileDropdownCheck()[pri:0, instance:com.orangehrm.tests.TC015_ProfileDropdownCheck@2c7b5824]" name="ProfileDropdownCheck" class="com.orangehrm.tests.TC015_ProfileDropdownCheck"/>
      </group> <!-- ui -->
      <group name="regression">
        <method signature="TC001_ValidLogin.ValidLogin()[pri:0, instance:com.orangehrm.tests.TC001_ValidLogin@784c3487]" name="ValidLogin" class="com.orangehrm.tests.TC001_ValidLogin"/>
        <method signature="TC002_InvalidUsername.InvalidUsername()[pri:0, instance:com.orangehrm.tests.TC002_InvalidUsername@7966baa7]" name="InvalidUsername" class="com.orangehrm.tests.TC002_InvalidUsername"/>
        <method signature="TC003_InvalidPassword.InvalidPassword()[pri:0, instance:com.orangehrm.tests.TC003_InvalidPassword@60975100]" name="InvalidPassword" class="com.orangehrm.tests.TC003_InvalidPassword"/>
        <method signature="TC004_BlankUsername.BlankUsername()[pri:0, instance:com.orangehrm.tests.TC004_BlankUsername@1253e7cb]" name="BlankUsername" class="com.orangehrm.tests.TC004_BlankUsername"/>
        <method signature="TC005_BlankPassword.BlankPassword()[pri:0, instance:com.orangehrm.tests.TC005_BlankPassword@2d36e77e]" name="BlankPassword" class="com.orangehrm.tests.TC005_BlankPassword"/>
        <method signature="TC006_BothFieldsBlank.BothFieldsBlank()[pri:0, instance:com.orangehrm.tests.TC006_BothFieldsBlank@61c9c3fd]" name="BothFieldsBlank" class="com.orangehrm.tests.TC006_BothFieldsBlank"/>
        <method signature="TC010_LogoutFunctionality.LogoutFunctionality()[pri:0, instance:com.orangehrm.tests.TC010_LogoutFunctionality@3b0c9195]" name="LogoutFunctionality" class="com.orangehrm.tests.TC010_LogoutFunctionality"/>
        <method signature="TC011_DashboardLoad.DashboardLoad()[pri:0, instance:com.orangehrm.tests.TC011_DashboardLoad@366c4480]" name="DashboardLoad" class="com.orangehrm.tests.TC011_DashboardLoad"/>
        <method signature="TC015_ProfileDropdownCheck.ProfileDropdownCheck()[pri:0, instance:com.orangehrm.tests.TC015_ProfileDropdownCheck@2c7b5824]" name="ProfileDropdownCheck" class="com.orangehrm.tests.TC015_ProfileDropdownCheck"/>
        <method signature="TC016_NavigatetoUsers.NavigatetoUsers()[pri:0, instance:com.orangehrm.tests.TC016_NavigatetoUsers@302a07d]" name="NavigatetoUsers" class="com.orangehrm.tests.TC016_NavigatetoUsers"/>
      </group> <!-- regression -->
      <group name="smoke">
        <method signature="TC001_ValidLogin.ValidLogin()[pri:0, instance:com.orangehrm.tests.TC001_ValidLogin@784c3487]" name="ValidLogin" class="com.orangehrm.tests.TC001_ValidLogin"/>
      </group> <!-- smoke -->
      <group name="admin">
        <method signature="TC016_NavigatetoUsers.NavigatetoUsers()[pri:0, instance:com.orangehrm.tests.TC016_NavigatetoUsers@302a07d]" name="NavigatetoUsers" class="com.orangehrm.tests.TC016_NavigatetoUsers"/>
      </group> <!-- admin -->
      <group name="sanity">
        <method signature="TC001_ValidLogin.ValidLogin()[pri:0, instance:com.orangehrm.tests.TC001_ValidLogin@784c3487]" name="ValidLogin" class="com.orangehrm.tests.TC001_ValidLogin"/>
        <method signature="TC010_LogoutFunctionality.LogoutFunctionality()[pri:0, instance:com.orangehrm.tests.TC010_LogoutFunctionality@3b0c9195]" name="LogoutFunctionality" class="com.orangehrm.tests.TC010_LogoutFunctionality"/>
        <method signature="TC016_NavigatetoUsers.NavigatetoUsers()[pri:0, instance:com.orangehrm.tests.TC016_NavigatetoUsers@302a07d]" name="NavigatetoUsers" class="com.orangehrm.tests.TC016_NavigatetoUsers"/>
      </group> <!-- sanity -->
    </groups>
    <test started-at="2025-09-20T16:47:51 IST" name="OrangeHRM Tests" finished-at="2025-09-20T16:50:09 IST" duration-ms="137953">
      <class name="com.orangehrm.tests.TC015_ProfileDropdownCheck">
        <test-method is-config="true" signature="setuP(java.lang.String,java.lang.String)[pri:0, instance:com.orangehrm.tests.TC015_ProfileDropdownCheck@2c7b5824]" started-at="2025-09-20T16:49:31 IST" name="setuP" finished-at="2025-09-20T16:49:41 IST" duration-ms="9822" status="PASS">
          <params>
            <param index="0">
              <value>
                <![CDATA[windows]]>
              </value>
            </param>
            <param index="1">
              <value>
                <![CDATA[chrome]]>
              </value>
            </param>
          </params>
          <reporter-output>
          </reporter-output>
        </test-method> <!-- setuP -->
        <test-method signature="ProfileDropdownCheck()[pri:0, instance:com.orangehrm.tests.TC015_ProfileDropdownCheck@2c7b5824]" started-at="2025-09-20T16:49:41 IST" name="ProfileDropdownCheck" finished-at="2025-09-20T16:49:48 IST" duration-ms="7132" status="PASS">
          <reporter-output>
          </reporter-output>
        </test-method> <!-- ProfileDropdownCheck -->
        <test-method is-config="true" signature="tearDown()[pri:0, instance:com.orangehrm.tests.TC015_ProfileDropdownCheck@2c7b5824]" started-at="2025-09-20T16:49:48 IST" name="tearDown" finished-at="2025-09-20T16:49:49 IST" duration-ms="1353" status="PASS">
          <reporter-output>
          </reporter-output>
        </test-method> <!-- tearDown -->
      </class> <!-- com.orangehrm.tests.TC015_ProfileDropdownCheck -->
      <class name="com.orangehrm.tests.TC006_BothFieldsBlank">
        <test-method is-config="true" signature="setuP(java.lang.String,java.lang.String)[pri:0, instance:com.orangehrm.tests.TC006_BothFieldsBlank@61c9c3fd]" started-at="2025-09-20T16:48:46 IST" name="setuP" finished-at="2025-09-20T16:48:53 IST" duration-ms="6211" status="PASS">
          <params>
            <param index="0">
              <value>
                <![CDATA[windows]]>
              </value>
            </param>
            <param index="1">
              <value>
                <![CDATA[chrome]]>
              </value>
            </param>
          </params>
          <reporter-output>
          </reporter-output>
        </test-method> <!-- setuP -->
        <test-method signature="BothFieldsBlank()[pri:0, instance:com.orangehrm.tests.TC006_BothFieldsBlank@61c9c3fd]" started-at="2025-09-20T16:48:53 IST" name="BothFieldsBlank" finished-at="2025-09-20T16:48:54 IST" duration-ms="1600" status="PASS">
          <reporter-output>
          </reporter-output>
        </test-method> <!-- BothFieldsBlank -->
        <test-method is-config="true" signature="tearDown()[pri:0, instance:com.orangehrm.tests.TC006_BothFieldsBlank@61c9c3fd]" started-at="2025-09-20T16:48:54 IST" name="tearDown" finished-at="2025-09-20T16:48:55 IST" duration-ms="785" status="PASS">
          <reporter-output>
          </reporter-output>
        </test-method> <!-- tearDown -->
      </class> <!-- com.orangehrm.tests.TC006_BothFieldsBlank -->
      <class name="com.orangehrm.tests.TC001_ValidLogin">
        <test-method is-config="true" signature="setuP(java.lang.String,java.lang.String)[pri:0, instance:com.orangehrm.tests.TC001_ValidLogin@784c3487]" started-at="2025-09-20T16:47:51 IST" name="setuP" finished-at="2025-09-20T16:48:00 IST" duration-ms="8679" status="PASS">
          <params>
            <param index="0">
              <value>
                <![CDATA[windows]]>
              </value>
            </param>
            <param index="1">
              <value>
                <![CDATA[chrome]]>
              </value>
            </param>
          </params>
          <reporter-output>
          </reporter-output>
        </test-method> <!-- setuP -->
        <test-method signature="ValidLogin()[pri:0, instance:com.orangehrm.tests.TC001_ValidLogin@784c3487]" started-at="2025-09-20T16:48:00 IST" name="ValidLogin" finished-at="2025-09-20T16:48:04 IST" duration-ms="4025" status="PASS">
          <reporter-output>
          </reporter-output>
        </test-method> <!-- ValidLogin -->
        <test-method is-config="true" signature="tearDown()[pri:0, instance:com.orangehrm.tests.TC001_ValidLogin@784c3487]" started-at="2025-09-20T16:48:04 IST" name="tearDown" finished-at="2025-09-20T16:48:05 IST" duration-ms="822" status="PASS">
          <reporter-output>
          </reporter-output>
        </test-method> <!-- tearDown -->
      </class> <!-- com.orangehrm.tests.TC001_ValidLogin -->
      <class name="com.orangehrm.tests.TC016_NavigatetoUsers">
        <test-method is-config="true" signature="setuP(java.lang.String,java.lang.String)[pri:0, instance:com.orangehrm.tests.TC016_NavigatetoUsers@302a07d]" started-at="2025-09-20T16:49:49 IST" name="setuP" finished-at="2025-09-20T16:49:59 IST" duration-ms="9193" status="PASS">
          <params>
            <param index="0">
              <value>
                <![CDATA[windows]]>
              </value>
            </param>
            <param index="1">
              <value>
                <![CDATA[chrome]]>
              </value>
            </param>
          </params>
          <reporter-output>
          </reporter-output>
        </test-method> <!-- setuP -->
        <test-method signature="NavigatetoUsers()[pri:0, instance:com.orangehrm.tests.TC016_NavigatetoUsers@302a07d]" started-at="2025-09-20T16:49:59 IST" name="NavigatetoUsers" finished-at="2025-09-20T16:50:07 IST" duration-ms="8755" status="PASS">
          <reporter-output>
          </reporter-output>
        </test-method> <!-- NavigatetoUsers -->
        <test-method is-config="true" signature="tearDown()[pri:0, instance:com.orangehrm.tests.TC016_NavigatetoUsers@302a07d]" started-at="2025-09-20T16:50:07 IST" name="tearDown" finished-at="2025-09-20T16:50:09 IST" duration-ms="1209" status="PASS">
          <reporter-output>
          </reporter-output>
        </test-method> <!-- tearDown -->
      </class> <!-- com.orangehrm.tests.TC016_NavigatetoUsers -->
      <class name="com.orangehrm.tests.TC003_InvalidPassword">
        <test-method is-config="true" signature="setuP(java.lang.String,java.lang.String)[pri:0, instance:com.orangehrm.tests.TC003_InvalidPassword@60975100]" started-at="2025-09-20T16:48:16 IST" name="setuP" finished-at="2025-09-20T16:48:23 IST" duration-ms="7094" status="PASS">
          <params>
            <param index="0">
              <value>
                <![CDATA[windows]]>
              </value>
            </param>
            <param index="1">
              <value>
                <![CDATA[chrome]]>
              </value>
            </param>
          </params>
          <reporter-output>
          </reporter-output>
        </test-method> <!-- setuP -->
        <test-method signature="InvalidPassword()[pri:0, instance:com.orangehrm.tests.TC003_InvalidPassword@60975100]" started-at="2025-09-20T16:48:23 IST" name="InvalidPassword" finished-at="2025-09-20T16:48:27 IST" duration-ms="3604" status="PASS">
          <reporter-output>
          </reporter-output>
        </test-method> <!-- InvalidPassword -->
        <test-method is-config="true" signature="tearDown()[pri:0, instance:com.orangehrm.tests.TC003_InvalidPassword@60975100]" started-at="2025-09-20T16:48:27 IST" name="tearDown" finished-at="2025-09-20T16:48:27 IST" duration-ms="877" status="PASS">
          <reporter-output>
          </reporter-output>
        </test-method> <!-- tearDown -->
      </class> <!-- com.orangehrm.tests.TC003_InvalidPassword -->
      <class name="com.orangehrm.tests.TC011_DashboardLoad">
        <test-method is-config="true" signature="setuP(java.lang.String,java.lang.String)[pri:0, instance:com.orangehrm.tests.TC011_DashboardLoad@366c4480]" started-at="2025-09-20T16:49:12 IST" name="setuP" finished-at="2025-09-20T16:49:22 IST" duration-ms="10314" status="PASS">
          <params>
            <param index="0">
              <value>
                <![CDATA[windows]]>
              </value>
            </param>
            <param index="1">
              <value>
                <![CDATA[chrome]]>
              </value>
            </param>
          </params>
          <reporter-output>
          </reporter-output>
        </test-method> <!-- setuP -->
        <test-method signature="DashboardLoad()[pri:0, instance:com.orangehrm.tests.TC011_DashboardLoad@366c4480]" started-at="2025-09-20T16:49:22 IST" name="DashboardLoad" finished-at="2025-09-20T16:49:30 IST" duration-ms="7497" status="PASS">
          <reporter-output>
          </reporter-output>
        </test-method> <!-- DashboardLoad -->
        <test-method is-config="true" signature="tearDown()[pri:0, instance:com.orangehrm.tests.TC011_DashboardLoad@366c4480]" started-at="2025-09-20T16:49:30 IST" name="tearDown" finished-at="2025-09-20T16:49:31 IST" duration-ms="1471" status="PASS">
          <reporter-output>
          </reporter-output>
        </test-method> <!-- tearDown -->
      </class> <!-- com.orangehrm.tests.TC011_DashboardLoad -->
      <class name="com.orangehrm.tests.TC010_LogoutFunctionality">
        <test-method is-config="true" signature="setuP(java.lang.String,java.lang.String)[pri:0, instance:com.orangehrm.tests.TC010_LogoutFunctionality@3b0c9195]" started-at="2025-09-20T16:48:55 IST" name="setuP" finished-at="2025-09-20T16:49:03 IST" duration-ms="8124" status="PASS">
          <params>
            <param index="0">
              <value>
                <![CDATA[windows]]>
              </value>
            </param>
            <param index="1">
              <value>
                <![CDATA[chrome]]>
              </value>
            </param>
          </params>
          <reporter-output>
          </reporter-output>
        </test-method> <!-- setuP -->
        <test-method signature="LogoutFunctionality()[pri:0, instance:com.orangehrm.tests.TC010_LogoutFunctionality@3b0c9195]" started-at="2025-09-20T16:49:03 IST" name="LogoutFunctionality" finished-at="2025-09-20T16:49:11 IST" duration-ms="7830" status="PASS">
          <reporter-output>
          </reporter-output>
        </test-method> <!-- LogoutFunctionality -->
        <test-method is-config="true" signature="tearDown()[pri:0, instance:com.orangehrm.tests.TC010_LogoutFunctionality@3b0c9195]" started-at="2025-09-20T16:49:11 IST" name="tearDown" finished-at="2025-09-20T16:49:12 IST" duration-ms="910" status="PASS">
          <reporter-output>
          </reporter-output>
        </test-method> <!-- tearDown -->
      </class> <!-- com.orangehrm.tests.TC010_LogoutFunctionality -->
      <class name="com.orangehrm.tests.TC005_BlankPassword">
        <test-method is-config="true" signature="setuP(java.lang.String,java.lang.String)[pri:0, instance:com.orangehrm.tests.TC005_BlankPassword@2d36e77e]" started-at="2025-09-20T16:48:37 IST" name="setuP" finished-at="2025-09-20T16:48:44 IST" duration-ms="7122" status="PASS">
          <params>
            <param index="0">
              <value>
                <![CDATA[windows]]>
              </value>
            </param>
            <param index="1">
              <value>
                <![CDATA[chrome]]>
              </value>
            </param>
          </params>
          <reporter-output>
          </reporter-output>
        </test-method> <!-- setuP -->
        <test-method signature="BlankPassword()[pri:0, instance:com.orangehrm.tests.TC005_BlankPassword@2d36e77e]" started-at="2025-09-20T16:48:44 IST" name="BlankPassword" finished-at="2025-09-20T16:48:46 IST" duration-ms="1938" status="PASS">
          <reporter-output>
          </reporter-output>
        </test-method> <!-- BlankPassword -->
        <test-method is-config="true" signature="tearDown()[pri:0, instance:com.orangehrm.tests.TC005_BlankPassword@2d36e77e]" started-at="2025-09-20T16:48:46 IST" name="tearDown" finished-at="2025-09-20T16:48:46 IST" duration-ms="724" status="PASS">
          <reporter-output>
          </reporter-output>
        </test-method> <!-- tearDown -->
      </class> <!-- com.orangehrm.tests.TC005_BlankPassword -->
      <class name="com.orangehrm.tests.TC002_InvalidUsername">
        <test-method is-config="true" signature="setuP(java.lang.String,java.lang.String)[pri:0, instance:com.orangehrm.tests.TC002_InvalidUsername@7966baa7]" started-at="2025-09-20T16:48:05 IST" name="setuP" finished-at="2025-09-20T16:48:12 IST" duration-ms="6786" status="PASS">
          <params>
            <param index="0">
              <value>
                <![CDATA[windows]]>
              </value>
            </param>
            <param index="1">
              <value>
                <![CDATA[chrome]]>
              </value>
            </param>
          </params>
          <reporter-output>
          </reporter-output>
        </test-method> <!-- setuP -->
        <test-method signature="InvalidUsername()[pri:0, instance:com.orangehrm.tests.TC002_InvalidUsername@7966baa7]" started-at="2025-09-20T16:48:12 IST" name="InvalidUsername" finished-at="2025-09-20T16:48:15 IST" duration-ms="3361" status="PASS">
          <reporter-output>
          </reporter-output>
        </test-method> <!-- InvalidUsername -->
        <test-method is-config="true" signature="tearDown()[pri:0, instance:com.orangehrm.tests.TC002_InvalidUsername@7966baa7]" started-at="2025-09-20T16:48:15 IST" name="tearDown" finished-at="2025-09-20T16:48:16 IST" duration-ms="894" status="PASS">
          <reporter-output>
          </reporter-output>
        </test-method> <!-- tearDown -->
      </class> <!-- com.orangehrm.tests.TC002_InvalidUsername -->
      <class name="com.orangehrm.tests.TC004_BlankUsername">
        <test-method is-config="true" signature="setuP(java.lang.String,java.lang.String)[pri:0, instance:com.orangehrm.tests.TC004_BlankUsername@1253e7cb]" started-at="2025-09-20T16:48:27 IST" name="setuP" finished-at="2025-09-20T16:48:34 IST" duration-ms="6601" status="PASS">
          <params>
            <param index="0">
              <value>
                <![CDATA[windows]]>
              </value>
            </param>
            <param index="1">
              <value>
                <![CDATA[chrome]]>
              </value>
            </param>
          </params>
          <reporter-output>
          </reporter-output>
        </test-method> <!-- setuP -->
        <test-method signature="BlankUsername()[pri:0, instance:com.orangehrm.tests.TC004_BlankUsername@1253e7cb]" started-at="2025-09-20T16:48:34 IST" name="BlankUsername" finished-at="2025-09-20T16:48:36 IST" duration-ms="1776" status="PASS">
          <reporter-output>
          </reporter-output>
        </test-method> <!-- BlankUsername -->
        <test-method is-config="true" signature="tearDown()[pri:0, instance:com.orangehrm.tests.TC004_BlankUsername@1253e7cb]" started-at="2025-09-20T16:48:36 IST" name="tearDown" finished-at="2025-09-20T16:48:37 IST" duration-ms="831" status="PASS">
          <reporter-output>
          </reporter-output>
        </test-method> <!-- tearDown -->
      </class> <!-- com.orangehrm.tests.TC004_BlankUsername -->
    </test> <!-- OrangeHRM Tests -->
  </suite> <!-- OrangeHRM Suite -->
</testng-results>
