<?xml version="1.0" encoding="UTF-8"?>
<!-- Generated by org.testng.reporters.JUnitXMLReporter -->
<testsuite ignored="0" hostname="DESKTOP-IP7TE20" failures="0" tests="10" name="OrangeHRM-edge" time="242.612" errors="0" timestamp="2025-09-28T13:05:01 IST">
  <testcase classname="com.orangehrm.tests.TC001_ValidLogin" name="ValidLogin" time="16.132"/>
  <testcase classname="com.orangehrm.tests.TC002_InvalidUsername" name="InvalidUsername" time="3.833"/>
  <testcase classname="com.orangehrm.tests.TC003_InvalidPassword" name="InvalidPassword" time="6.936"/>
  <testcase classname="com.orangehrm.tests.TC004_BlankUsername" name="BlankUsername" time="1.679"/>
  <testcase classname="com.orangehrm.tests.TC005_BlankPassword" name="BlankPassword" time="1.47"/>
  <testcase classname="com.orangehrm.tests.TC006_BothFieldsBlank" name="BothFieldsBlank" time="2.722"/>
  <testcase classname="com.orangehrm.tests.TC010_LogoutFunctionality" name="LogoutFunctionality" time="12.57"/>
  <testcase classname="com.orangehrm.tests.TC011_DashboardLoad" name="DashboardLoad" time="23.552"/>
  <testcase classname="com.orangehrm.tests.TC015_ProfileDropdownCheck" name="ProfileDropdownCheck" time="11.764"/>
  <testcase classname="com.orangehrm.tests.TC016_NavigatetoUsers" name="NavigatetoUsers" time="15.763"/>
</testsuite> <!-- OrangeHRM-edge -->
