<?xml version="1.0" encoding="UTF-8"?>
<!-- Generated by org.testng.reporters.JUnitXMLReporter -->
<testsuite ignored="0" hostname="DESKTOP-IP7TE20" failures="0" tests="10" name="OrangeHRM-edge" time="429.245" errors="0" timestamp="2025-06-23T10:00:01 IST">
  <testcase classname="com.orangehrm.tests.TC001_ValidLogin" name="ValidLogin" time="5.543"/>
  <testcase classname="com.orangehrm.tests.TC002_InvalidUsername" name="InvalidUsername" time="16.939"/>
  <testcase classname="com.orangehrm.tests.TC003_InvalidPassword" name="InvalidPassword" time="20.188"/>
  <testcase classname="com.orangehrm.tests.TC004_BlankUsername" name="BlankUsername" time="2.778"/>
  <testcase classname="com.orangehrm.tests.TC005_BlankPassword" name="BlankPassword" time="25.076"/>
  <testcase classname="com.orangehrm.tests.TC006_BothFieldsBlank" name="BothFieldsBlank" time="7.766"/>
  <testcase classname="com.orangehrm.tests.TC010_LogoutFunctionality" name="LogoutFunctionality" time="33.004"/>
  <testcase classname="com.orangehrm.tests.TC011_DashboardLoad" name="DashboardLoad" time="8.925"/>
  <testcase classname="com.orangehrm.tests.TC015_ProfileDropdownCheck" name="ProfileDropdownCheck" time="9.029"/>
  <testcase classname="com.orangehrm.tests.TC016_NavigatetoUsers" name="NavigatetoUsers" time="9.264"/>
</testsuite> <!-- OrangeHRM-edge -->
