<?xml version="1.0" encoding="UTF-8"?>
<!-- Generated by org.testng.reporters.JUnitXMLReporter -->
<testsuite ignored="0" hostname="DESKTOP-IP7TE20" failures="0" tests="10" name="OrangeHRM-chrome" time="564.787" errors="0" timestamp="2025-06-23T10:02:11 IST">
  <testcase classname="com.orangehrm.tests.TC001_ValidLogin" name="ValidLogin" time="59.598"/>
  <testcase classname="com.orangehrm.tests.TC002_InvalidUsername" name="InvalidUsername" time="43.202"/>
  <testcase classname="com.orangehrm.tests.TC003_InvalidPassword" name="InvalidPassword" time="38.009"/>
  <testcase classname="com.orangehrm.tests.TC004_BlankUsername" name="BlankUsername" time="19.161"/>
  <testcase classname="com.orangehrm.tests.TC005_BlankPassword" name="BlankPassword" time="4.821"/>
  <testcase classname="com.orangehrm.tests.TC006_BothFieldsBlank" name="BothFieldsBlank" time="3.253"/>
  <testcase classname="com.orangehrm.tests.TC010_LogoutFunctionality" name="LogoutFunctionality" time="10.367"/>
  <testcase classname="com.orangehrm.tests.TC011_DashboardLoad" name="DashboardLoad" time="7.083"/>
  <testcase classname="com.orangehrm.tests.TC015_ProfileDropdownCheck" name="ProfileDropdownCheck" time="7.631"/>
  <testcase classname="com.orangehrm.tests.TC016_NavigatetoUsers" name="NavigatetoUsers" time="9.852"/>
</testsuite> <!-- OrangeHRM-chrome -->
