<?xml version="1.0" encoding="UTF-8"?>
<!-- Generated by org.testng.reporters.JUnitXMLReporter -->
<testsuite ignored="0" hostname="DESKTOP-IP7TE20" failures="0" tests="10" name="OrangeHRM-firefox" time="489.211" errors="0" timestamp="2025-06-23T10:00:55 IST">
  <testcase classname="com.orangehrm.tests.TC001_ValidLogin" name="ValidLogin" time="12.319"/>
  <testcase classname="com.orangehrm.tests.TC002_InvalidUsername" name="InvalidUsername" time="10.119"/>
  <testcase classname="com.orangehrm.tests.TC003_InvalidPassword" name="InvalidPassword" time="11.921"/>
  <testcase classname="com.orangehrm.tests.TC004_BlankUsername" name="BlankUsername" time="4.482"/>
  <testcase classname="com.orangehrm.tests.TC005_BlankPassword" name="BlankPassword" time="9.011"/>
  <testcase classname="com.orangehrm.tests.TC006_BothFieldsBlank" name="BothFieldsBlank" time="5.043"/>
  <testcase classname="com.orangehrm.tests.TC010_LogoutFunctionality" name="LogoutFunctionality" time="17.387"/>
  <testcase classname="com.orangehrm.tests.TC011_DashboardLoad" name="DashboardLoad" time="10.183"/>
  <testcase classname="com.orangehrm.tests.TC015_ProfileDropdownCheck" name="ProfileDropdownCheck" time="8.795"/>
  <testcase classname="com.orangehrm.tests.TC016_NavigatetoUsers" name="NavigatetoUsers" time="10.076"/>
</testsuite> <!-- OrangeHRM-firefox -->
