<?xml version="1.0" encoding="UTF-8"?>
<testng-results ignored="0" total="10" passed="9" failed="1" skipped="0">
  <reporter-output>
  </reporter-output>
  <suite started-at="2025-06-22T11:08:52 IST" name="OrangeHRM Suite" finished-at="2025-06-22T11:11:53 IST" duration-ms="180592">
    <groups>
      <group name="negative">
        <method signature="TC002_InvalidUsername.InvalidUsername()[pri:0, instance:com.orangehrm.tests.TC002_InvalidUsername@5bd82fed]" name="InvalidUsername" class="com.orangehrm.tests.TC002_InvalidUsername"/>
        <method signature="TC003_InvalidPassword.InvalidPassword()[pri:0, instance:com.orangehrm.tests.TC003_InvalidPassword@c1bd0be]" name="InvalidPassword" class="com.orangehrm.tests.TC003_InvalidPassword"/>
        <method signature="TC004_BlankUsername.BlankUsername()[pri:0, instance:com.orangehrm.tests.TC004_BlankUsername@476b0ae6]" name="BlankUsername" class="com.orangehrm.tests.TC004_BlankUsername"/>
        <method signature="TC005_BlankPassword.BlankPassword()[pri:0, instance:com.orangehrm.tests.TC005_BlankPassword@1c6804cd]" name="BlankPassword" class="com.orangehrm.tests.TC005_BlankPassword"/>
        <method signature="TC006_BothFieldsBlank.BothFieldsBlank()[pri:0, instance:com.orangehrm.tests.TC006_BothFieldsBlank@655f7ea]" name="BothFieldsBlank" class="com.orangehrm.tests.TC006_BothFieldsBlank"/>
      </group> <!-- negative -->
      <group name="ui">
        <method signature="TC011_DashboardLoad.DashboardLoad()[pri:0, instance:com.orangehrm.tests.TC011_DashboardLoad@4b3a45f1]" name="DashboardLoad" class="com.orangehrm.tests.TC011_DashboardLoad"/>
        <method signature="TC015_ProfileDropdownCheck.ProfileDropdownCheck()[pri:0, instance:com.orangehrm.tests.TC015_ProfileDropdownCheck@17a87e37]" name="ProfileDropdownCheck" class="com.orangehrm.tests.TC015_ProfileDropdownCheck"/>
      </group> <!-- ui -->
      <group name="regression">
        <method signature="TC001_ValidLogin.ValidLogin()[pri:0, instance:com.orangehrm.tests.TC001_ValidLogin@4212a0c8]" name="ValidLogin" class="com.orangehrm.tests.TC001_ValidLogin"/>
        <method signature="TC002_InvalidUsername.InvalidUsername()[pri:0, instance:com.orangehrm.tests.TC002_InvalidUsername@5bd82fed]" name="InvalidUsername" class="com.orangehrm.tests.TC002_InvalidUsername"/>
        <method signature="TC003_InvalidPassword.InvalidPassword()[pri:0, instance:com.orangehrm.tests.TC003_InvalidPassword@c1bd0be]" name="InvalidPassword" class="com.orangehrm.tests.TC003_InvalidPassword"/>
        <method signature="TC004_BlankUsername.BlankUsername()[pri:0, instance:com.orangehrm.tests.TC004_BlankUsername@476b0ae6]" name="BlankUsername" class="com.orangehrm.tests.TC004_BlankUsername"/>
        <method signature="TC005_BlankPassword.BlankPassword()[pri:0, instance:com.orangehrm.tests.TC005_BlankPassword@1c6804cd]" name="BlankPassword" class="com.orangehrm.tests.TC005_BlankPassword"/>
        <method signature="TC006_BothFieldsBlank.BothFieldsBlank()[pri:0, instance:com.orangehrm.tests.TC006_BothFieldsBlank@655f7ea]" name="BothFieldsBlank" class="com.orangehrm.tests.TC006_BothFieldsBlank"/>
        <method signature="TC010_LogoutFunctionality.LogoutFunctionality()[pri:0, instance:com.orangehrm.tests.TC010_LogoutFunctionality@549949be]" name="LogoutFunctionality" class="com.orangehrm.tests.TC010_LogoutFunctionality"/>
        <method signature="TC011_DashboardLoad.DashboardLoad()[pri:0, instance:com.orangehrm.tests.TC011_DashboardLoad@4b3a45f1]" name="DashboardLoad" class="com.orangehrm.tests.TC011_DashboardLoad"/>
        <method signature="TC015_ProfileDropdownCheck.ProfileDropdownCheck()[pri:0, instance:com.orangehrm.tests.TC015_ProfileDropdownCheck@17a87e37]" name="ProfileDropdownCheck" class="com.orangehrm.tests.TC015_ProfileDropdownCheck"/>
        <method signature="TC016_NavigatetoUsers.NavigatetoUsers()[pri:0, instance:com.orangehrm.tests.TC016_NavigatetoUsers@3eeb318f]" name="NavigatetoUsers" class="com.orangehrm.tests.TC016_NavigatetoUsers"/>
      </group> <!-- regression -->
      <group name="smoke">
        <method signature="TC001_ValidLogin.ValidLogin()[pri:0, instance:com.orangehrm.tests.TC001_ValidLogin@4212a0c8]" name="ValidLogin" class="com.orangehrm.tests.TC001_ValidLogin"/>
      </group> <!-- smoke -->
      <group name="admin">
        <method signature="TC016_NavigatetoUsers.NavigatetoUsers()[pri:0, instance:com.orangehrm.tests.TC016_NavigatetoUsers@3eeb318f]" name="NavigatetoUsers" class="com.orangehrm.tests.TC016_NavigatetoUsers"/>
      </group> <!-- admin -->
      <group name="sanity">
        <method signature="TC001_ValidLogin.ValidLogin()[pri:0, instance:com.orangehrm.tests.TC001_ValidLogin@4212a0c8]" name="ValidLogin" class="com.orangehrm.tests.TC001_ValidLogin"/>
        <method signature="TC010_LogoutFunctionality.LogoutFunctionality()[pri:0, instance:com.orangehrm.tests.TC010_LogoutFunctionality@549949be]" name="LogoutFunctionality" class="com.orangehrm.tests.TC010_LogoutFunctionality"/>
        <method signature="TC016_NavigatetoUsers.NavigatetoUsers()[pri:0, instance:com.orangehrm.tests.TC016_NavigatetoUsers@3eeb318f]" name="NavigatetoUsers" class="com.orangehrm.tests.TC016_NavigatetoUsers"/>
      </group> <!-- sanity -->
    </groups>
    <test started-at="2025-06-22T11:08:52 IST" name="OrangeHRM Tests" finished-at="2025-06-22T11:11:53 IST" duration-ms="180592">
      <class name="com.orangehrm.tests.TC015_ProfileDropdownCheck">
        <test-method is-config="true" signature="setuP(java.lang.String,java.lang.String)[pri:0, instance:com.orangehrm.tests.TC015_ProfileDropdownCheck@17a87e37]" started-at="2025-06-22T11:11:16 IST" name="setuP" finished-at="2025-06-22T11:11:25 IST" duration-ms="8815" status="PASS">
          <params>
            <param index="0">
              <value>
                <![CDATA[windows]]>
              </value>
            </param>
            <param index="1">
              <value>
                <![CDATA[chrome]]>
              </value>
            </param>
          </params>
          <reporter-output>
          </reporter-output>
        </test-method> <!-- setuP -->
        <test-method signature="ProfileDropdownCheck()[pri:0, instance:com.orangehrm.tests.TC015_ProfileDropdownCheck@17a87e37]" started-at="2025-06-22T11:11:25 IST" name="ProfileDropdownCheck" finished-at="2025-06-22T11:11:32 IST" duration-ms="7195" status="PASS">
          <reporter-output>
          </reporter-output>
        </test-method> <!-- ProfileDropdownCheck -->
        <test-method is-config="true" signature="tearDown()[pri:0, instance:com.orangehrm.tests.TC015_ProfileDropdownCheck@17a87e37]" started-at="2025-06-22T11:11:32 IST" name="tearDown" finished-at="2025-06-22T11:11:34 IST" duration-ms="1674" status="PASS">
          <reporter-output>
          </reporter-output>
        </test-method> <!-- tearDown -->
      </class> <!-- com.orangehrm.tests.TC015_ProfileDropdownCheck -->
      <class name="com.orangehrm.tests.TC006_BothFieldsBlank">
        <test-method is-config="true" signature="setuP(java.lang.String,java.lang.String)[pri:0, instance:com.orangehrm.tests.TC006_BothFieldsBlank@655f7ea]" started-at="2025-06-22T11:10:23 IST" name="setuP" finished-at="2025-06-22T11:10:32 IST" duration-ms="9174" status="PASS">
          <params>
            <param index="0">
              <value>
                <![CDATA[windows]]>
              </value>
            </param>
            <param index="1">
              <value>
                <![CDATA[chrome]]>
              </value>
            </param>
          </params>
          <reporter-output>
          </reporter-output>
        </test-method> <!-- setuP -->
        <test-method signature="BothFieldsBlank()[pri:0, instance:com.orangehrm.tests.TC006_BothFieldsBlank@655f7ea]" started-at="2025-06-22T11:10:32 IST" name="BothFieldsBlank" finished-at="2025-06-22T11:10:35 IST" duration-ms="3093" status="PASS">
          <reporter-output>
          </reporter-output>
        </test-method> <!-- BothFieldsBlank -->
        <test-method is-config="true" signature="tearDown()[pri:0, instance:com.orangehrm.tests.TC006_BothFieldsBlank@655f7ea]" started-at="2025-06-22T11:10:35 IST" name="tearDown" finished-at="2025-06-22T11:10:36 IST" duration-ms="1190" status="PASS">
          <reporter-output>
          </reporter-output>
        </test-method> <!-- tearDown -->
      </class> <!-- com.orangehrm.tests.TC006_BothFieldsBlank -->
      <class name="com.orangehrm.tests.TC001_ValidLogin">
        <test-method is-config="true" signature="setuP(java.lang.String,java.lang.String)[pri:0, instance:com.orangehrm.tests.TC001_ValidLogin@4212a0c8]" started-at="2025-06-22T11:08:53 IST" name="setuP" finished-at="2025-06-22T11:09:09 IST" duration-ms="15956" status="PASS">
          <params>
            <param index="0">
              <value>
                <![CDATA[windows]]>
              </value>
            </param>
            <param index="1">
              <value>
                <![CDATA[chrome]]>
              </value>
            </param>
          </params>
          <reporter-output>
          </reporter-output>
        </test-method> <!-- setuP -->
        <test-method signature="ValidLogin()[pri:0, instance:com.orangehrm.tests.TC001_ValidLogin@4212a0c8]" started-at="2025-06-22T11:09:09 IST" name="ValidLogin" finished-at="2025-06-22T11:09:18 IST" duration-ms="8647" status="PASS">
          <reporter-output>
          </reporter-output>
        </test-method> <!-- ValidLogin -->
        <test-method is-config="true" signature="tearDown()[pri:0, instance:com.orangehrm.tests.TC001_ValidLogin@4212a0c8]" started-at="2025-06-22T11:09:18 IST" name="tearDown" finished-at="2025-06-22T11:09:21 IST" duration-ms="2589" status="PASS">
          <reporter-output>
          </reporter-output>
        </test-method> <!-- tearDown -->
      </class> <!-- com.orangehrm.tests.TC001_ValidLogin -->
      <class name="com.orangehrm.tests.TC016_NavigatetoUsers">
        <test-method is-config="true" signature="setuP(java.lang.String,java.lang.String)[pri:0, instance:com.orangehrm.tests.TC016_NavigatetoUsers@3eeb318f]" started-at="2025-06-22T11:11:34 IST" name="setuP" finished-at="2025-06-22T11:11:42 IST" duration-ms="8224" status="PASS">
          <params>
            <param index="0">
              <value>
                <![CDATA[windows]]>
              </value>
            </param>
            <param index="1">
              <value>
                <![CDATA[chrome]]>
              </value>
            </param>
          </params>
          <reporter-output>
          </reporter-output>
        </test-method> <!-- setuP -->
        <test-method signature="NavigatetoUsers()[pri:0, instance:com.orangehrm.tests.TC016_NavigatetoUsers@3eeb318f]" started-at="2025-06-22T11:11:42 IST" name="NavigatetoUsers" finished-at="2025-06-22T11:11:51 IST" duration-ms="9247" status="PASS">
          <reporter-output>
          </reporter-output>
        </test-method> <!-- NavigatetoUsers -->
        <test-method is-config="true" signature="tearDown()[pri:0, instance:com.orangehrm.tests.TC016_NavigatetoUsers@3eeb318f]" started-at="2025-06-22T11:11:51 IST" name="tearDown" finished-at="2025-06-22T11:11:53 IST" duration-ms="1644" status="PASS">
          <reporter-output>
          </reporter-output>
        </test-method> <!-- tearDown -->
      </class> <!-- com.orangehrm.tests.TC016_NavigatetoUsers -->
      <class name="com.orangehrm.tests.TC003_InvalidPassword">
        <test-method is-config="true" signature="setuP(java.lang.String,java.lang.String)[pri:0, instance:com.orangehrm.tests.TC003_InvalidPassword@c1bd0be]" started-at="2025-06-22T11:09:37 IST" name="setuP" finished-at="2025-06-22T11:09:47 IST" duration-ms="9459" status="PASS">
          <params>
            <param index="0">
              <value>
                <![CDATA[windows]]>
              </value>
            </param>
            <param index="1">
              <value>
                <![CDATA[chrome]]>
              </value>
            </param>
          </params>
          <reporter-output>
          </reporter-output>
        </test-method> <!-- setuP -->
        <test-method signature="InvalidPassword()[pri:0, instance:com.orangehrm.tests.TC003_InvalidPassword@c1bd0be]" started-at="2025-06-22T11:09:47 IST" name="InvalidPassword" finished-at="2025-06-22T11:09:52 IST" duration-ms="5072" status="PASS">
          <reporter-output>
          </reporter-output>
        </test-method> <!-- InvalidPassword -->
        <test-method is-config="true" signature="tearDown()[pri:0, instance:com.orangehrm.tests.TC003_InvalidPassword@c1bd0be]" started-at="2025-06-22T11:09:52 IST" name="tearDown" finished-at="2025-06-22T11:09:53 IST" duration-ms="1383" status="PASS">
          <reporter-output>
          </reporter-output>
        </test-method> <!-- tearDown -->
      </class> <!-- com.orangehrm.tests.TC003_InvalidPassword -->
      <class name="com.orangehrm.tests.TC011_DashboardLoad">
        <test-method is-config="true" signature="setuP(java.lang.String,java.lang.String)[pri:0, instance:com.orangehrm.tests.TC011_DashboardLoad@4b3a45f1]" started-at="2025-06-22T11:10:58 IST" name="setuP" finished-at="2025-06-22T11:11:07 IST" duration-ms="8936" status="PASS">
          <params>
            <param index="0">
              <value>
                <![CDATA[windows]]>
              </value>
            </param>
            <param index="1">
              <value>
                <![CDATA[chrome]]>
              </value>
            </param>
          </params>
          <reporter-output>
          </reporter-output>
        </test-method> <!-- setuP -->
        <test-method signature="DashboardLoad()[pri:0, instance:com.orangehrm.tests.TC011_DashboardLoad@4b3a45f1]" started-at="2025-06-22T11:11:07 IST" name="DashboardLoad" finished-at="2025-06-22T11:11:15 IST" duration-ms="7658" status="PASS">
          <reporter-output>
          </reporter-output>
        </test-method> <!-- DashboardLoad -->
        <test-method is-config="true" signature="tearDown()[pri:0, instance:com.orangehrm.tests.TC011_DashboardLoad@4b3a45f1]" started-at="2025-06-22T11:11:15 IST" name="tearDown" finished-at="2025-06-22T11:11:16 IST" duration-ms="1208" status="PASS">
          <reporter-output>
          </reporter-output>
        </test-method> <!-- tearDown -->
      </class> <!-- com.orangehrm.tests.TC011_DashboardLoad -->
      <class name="com.orangehrm.tests.TC010_LogoutFunctionality">
        <test-method is-config="true" signature="setuP(java.lang.String,java.lang.String)[pri:0, instance:com.orangehrm.tests.TC010_LogoutFunctionality@549949be]" started-at="2025-06-22T11:10:36 IST" name="setuP" finished-at="2025-06-22T11:10:46 IST" duration-ms="9558" status="PASS">
          <params>
            <param index="0">
              <value>
                <![CDATA[windows]]>
              </value>
            </param>
            <param index="1">
              <value>
                <![CDATA[chrome]]>
              </value>
            </param>
          </params>
          <reporter-output>
          </reporter-output>
        </test-method> <!-- setuP -->
        <test-method signature="LogoutFunctionality()[pri:0, instance:com.orangehrm.tests.TC010_LogoutFunctionality@549949be]" started-at="2025-06-22T11:10:46 IST" name="LogoutFunctionality" finished-at="2025-06-22T11:10:57 IST" duration-ms="10863" status="PASS">
          <reporter-output>
          </reporter-output>
        </test-method> <!-- LogoutFunctionality -->
        <test-method is-config="true" signature="tearDown()[pri:0, instance:com.orangehrm.tests.TC010_LogoutFunctionality@549949be]" started-at="2025-06-22T11:10:57 IST" name="tearDown" finished-at="2025-06-22T11:10:58 IST" duration-ms="1415" status="PASS">
          <reporter-output>
          </reporter-output>
        </test-method> <!-- tearDown -->
      </class> <!-- com.orangehrm.tests.TC010_LogoutFunctionality -->
      <class name="com.orangehrm.tests.TC005_BlankPassword">
        <test-method is-config="true" signature="setuP(java.lang.String,java.lang.String)[pri:0, instance:com.orangehrm.tests.TC005_BlankPassword@1c6804cd]" started-at="2025-06-22T11:10:09 IST" name="setuP" finished-at="2025-06-22T11:10:18 IST" duration-ms="9504" status="PASS">
          <params>
            <param index="0">
              <value>
                <![CDATA[windows]]>
              </value>
            </param>
            <param index="1">
              <value>
                <![CDATA[chrome]]>
              </value>
            </param>
          </params>
          <reporter-output>
          </reporter-output>
        </test-method> <!-- setuP -->
        <test-method signature="BlankPassword()[pri:0, instance:com.orangehrm.tests.TC005_BlankPassword@1c6804cd]" started-at="2025-06-22T11:10:18 IST" name="BlankPassword" finished-at="2025-06-22T11:10:22 IST" duration-ms="3130" status="PASS">
          <reporter-output>
          </reporter-output>
        </test-method> <!-- BlankPassword -->
        <test-method is-config="true" signature="tearDown()[pri:0, instance:com.orangehrm.tests.TC005_BlankPassword@1c6804cd]" started-at="2025-06-22T11:10:22 IST" name="tearDown" finished-at="2025-06-22T11:10:23 IST" duration-ms="1223" status="PASS">
          <reporter-output>
          </reporter-output>
        </test-method> <!-- tearDown -->
      </class> <!-- com.orangehrm.tests.TC005_BlankPassword -->
      <class name="com.orangehrm.tests.TC002_InvalidUsername">
        <test-method is-config="true" signature="setuP(java.lang.String,java.lang.String)[pri:0, instance:com.orangehrm.tests.TC002_InvalidUsername@5bd82fed]" started-at="2025-06-22T11:09:21 IST" name="setuP" finished-at="2025-06-22T11:09:30 IST" duration-ms="9700" status="PASS">
          <params>
            <param index="0">
              <value>
                <![CDATA[windows]]>
              </value>
            </param>
            <param index="1">
              <value>
                <![CDATA[chrome]]>
              </value>
            </param>
          </params>
          <reporter-output>
          </reporter-output>
        </test-method> <!-- setuP -->
        <test-method signature="InvalidUsername()[pri:0, instance:com.orangehrm.tests.TC002_InvalidUsername@5bd82fed]" started-at="2025-06-22T11:09:30 IST" name="InvalidUsername" finished-at="2025-06-22T11:09:36 IST" duration-ms="5414" status="PASS">
          <reporter-output>
          </reporter-output>
        </test-method> <!-- InvalidUsername -->
        <test-method is-config="true" signature="tearDown()[pri:0, instance:com.orangehrm.tests.TC002_InvalidUsername@5bd82fed]" started-at="2025-06-22T11:09:36 IST" name="tearDown" finished-at="2025-06-22T11:09:37 IST" duration-ms="1448" status="PASS">
          <reporter-output>
          </reporter-output>
        </test-method> <!-- tearDown -->
      </class> <!-- com.orangehrm.tests.TC002_InvalidUsername -->
      <class name="com.orangehrm.tests.TC004_BlankUsername">
        <test-method is-config="true" signature="setuP(java.lang.String,java.lang.String)[pri:0, instance:com.orangehrm.tests.TC004_BlankUsername@476b0ae6]" started-at="2025-06-22T11:09:53 IST" name="setuP" finished-at="2025-06-22T11:10:02 IST" duration-ms="9365" status="PASS">
          <params>
            <param index="0">
              <value>
                <![CDATA[windows]]>
              </value>
            </param>
            <param index="1">
              <value>
                <![CDATA[chrome]]>
              </value>
            </param>
          </params>
          <reporter-output>
          </reporter-output>
        </test-method> <!-- setuP -->
        <test-method signature="BlankUsername()[pri:0, instance:com.orangehrm.tests.TC004_BlankUsername@476b0ae6]" started-at="2025-06-22T11:10:02 IST" name="BlankUsername" finished-at="2025-06-22T11:10:06 IST" duration-ms="3263" status="FAIL">
          <exception class="java.lang.AssertionError">
            <message>
              <![CDATA[null]]>
            </message>
            <full-stacktrace>
              <![CDATA[java.lang.AssertionError: null
at org.testng.Assert.fail(Assert.java:111)
at org.testng.Assert.fail(Assert.java:116)
at com.orangehrm.tests.TC004_BlankUsername.BlankUsername(TC004_BlankUsername.java:34)
at java.base/jdk.internal.reflect.DirectMethodHandleAccessor.invoke(DirectMethodHandleAccessor.java:103)
at java.base/java.lang.reflect.Method.invoke(Method.java:580)
at org.testng.internal.invokers.MethodInvocationHelper.invokeMethod(MethodInvocationHelper.java:141)
at org.testng.internal.invokers.TestInvoker.invokeMethod(TestInvoker.java:686)
at org.testng.internal.invokers.TestInvoker.invokeTestMethod(TestInvoker.java:230)
at org.testng.internal.invokers.MethodRunner.runInSequence(MethodRunner.java:63)
at org.testng.internal.invokers.TestInvoker$MethodInvocationAgent.invoke(TestInvoker.java:992)
at org.testng.internal.invokers.TestInvoker.invokeTestMethods(TestInvoker.java:203)
at org.testng.internal.invokers.TestMethodWorker.invokeTestMethods(TestMethodWorker.java:154)
at org.testng.internal.invokers.TestMethodWorker.run(TestMethodWorker.java:134)
at java.base/java.util.ArrayList.forEach(ArrayList.java:1596)
at org.testng.TestRunner.privateRun(TestRunner.java:739)
at org.testng.TestRunner.run(TestRunner.java:614)
at org.testng.SuiteRunner.runTest(SuiteRunner.java:421)
at org.testng.SuiteRunner.runSequentially(SuiteRunner.java:413)
at org.testng.SuiteRunner.privateRun(SuiteRunner.java:373)
at org.testng.SuiteRunner.run(SuiteRunner.java:312)
at org.testng.SuiteRunnerWorker.runSuite(SuiteRunnerWorker.java:52)
at org.testng.SuiteRunnerWorker.run(SuiteRunnerWorker.java:95)
at org.testng.TestNG.runSuitesSequentially(TestNG.java:1274)
at org.testng.TestNG.runSuitesLocally(TestNG.java:1208)
at org.testng.TestNG.runSuites(TestNG.java:1112)
at org.testng.TestNG.run(TestNG.java:1079)
at org.testng.remote.AbstractRemoteTestNG.run(AbstractRemoteTestNG.java:115)
at org.testng.remote.RemoteTestNG.initAndRun(RemoteTestNG.java:293)
at org.testng.remote.RemoteTestNG.main(RemoteTestNG.java:91)
]]>
            </full-stacktrace>
          </exception> <!-- java.lang.AssertionError -->
          <reporter-output>
          </reporter-output>
        </test-method> <!-- BlankUsername -->
        <test-method is-config="true" signature="tearDown()[pri:0, instance:com.orangehrm.tests.TC004_BlankUsername@476b0ae6]" started-at="2025-06-22T11:10:06 IST" name="tearDown" finished-at="2025-06-22T11:10:09 IST" duration-ms="3016" status="PASS">
          <reporter-output>
          </reporter-output>
        </test-method> <!-- tearDown -->
      </class> <!-- com.orangehrm.tests.TC004_BlankUsername -->
    </test> <!-- OrangeHRM Tests -->
  </suite> <!-- OrangeHRM Suite -->
</testng-results>
