<?xml version="1.0" encoding="UTF-8"?>
<!-- Generated by org.testng.reporters.JUnitXMLReporter -->
<testsuite ignored="0" hostname="DESKTOP-IP7TE20" failures="1" tests="10" name="Test" time="171.774" errors="0" timestamp="2025-06-08T14:58:24 IST">
  <testcase classname="com.orangehrm.tests.TC001_ValidLogin" name="ValidLogin" time="12.495"/>
  <testcase classname="com.orangehrm.tests.TC002_InvalidUsername" name="InvalidUsername" time="3.513"/>
  <testcase classname="com.orangehrm.tests.TC003_InvalidPassword" name="InvalidPassword" time="3.683"/>
  <testcase classname="com.orangehrm.tests.TC004_BlankUsername" name="BlankUsername" time="1.736"/>
  <testcase classname="com.orangehrm.tests.TC005_BlankPassword" name="BlankPassword" time="2.599"/>
  <testcase classname="com.orangehrm.tests.TC006_BothFieldsBlank" name="BothFieldsBlank" time="3.05"/>
  <testcase classname="com.orangehrm.tests.TC010_LogoutFunctionality" name="LogoutFunctionality" time="7.621"/>
  <testcase classname="com.orangehrm.tests.TC011_DashboardLoad" name="DashboardLoad" time="6.123"/>
  <testcase classname="com.orangehrm.tests.TC015_ProfileDropdownCheck" name="ProfileDropdownCheck" time="7.519"/>
  <testcase classname="com.orangehrm.tests.TC016_NavigatetoUsers" name="NavigatetoUsers" time="10.287">
    <failure type="java.lang.AssertionError" message="expected [true] but found [false]">
      <![CDATA[java.lang.AssertionError: expected [true] but found [false]
at com.orangehrm.tests.TC016_NavigatetoUsers.NavigatetoUsers(TC016_NavigatetoUsers.java:29)
at java.base/java.util.ArrayList.forEach(ArrayList.java:1596)
... Removed 29 stack frames]]>
    </failure>
  </testcase> <!-- NavigatetoUsers -->
</testsuite> <!-- Test -->
